srun: Job step aborted: Waiting up to 32 seconds for job step to finish.
slurmstepd: error: *** JOB 63967629 ON sh02-02n10 CANCELLED AT 2020-03-23T01:32:04 ***
slurmstepd: error: *** STEP 63967629.0 ON sh02-02n10 CANCELLED AT 2020-03-23T01:32:04 ***
